[     140ms] [INFO] %cDownload the React DevTools for a better development experience: https://reactjs.org/link/react-devtools font-weight:bold @ http://localhost:5174/node_modules/.vite/deps/chunk-373CG7ZK.js?v=ce08f19f:21548
[     164ms] ReferenceError: StudyDashboard is not defined
    at App (http://localhost:5174/src/App.tsx:18:75)
    at renderWithHooks (http://localhost:5174/node_modules/.vite/deps/chunk-373CG7ZK.js?v=ce08f19f:11546:26)
    at mountIndeterminateComponent (http://localhost:5174/node_modules/.vite/deps/chunk-373CG7ZK.js?v=ce08f19f:14924:21)
    at beginWork (http://localhost:5174/node_modules/.vite/deps/chunk-373CG7ZK.js?v=ce08f19f:15912:22)
    at HTMLUnknownElement.callCallback2 (http://localhost:5174/node_modules/.vite/deps/chunk-373CG7ZK.js?v=ce08f19f:3672:22)
    at Object.invokeGuardedCallbackDev (http://localhost:5174/node_modules/.vite/deps/chunk-373CG7ZK.js?v=ce08f19f:3697:24)
    at invokeGuardedCallback (http://localhost:5174/node_modules/.vite/deps/chunk-373CG7ZK.js?v=ce08f19f:3731:39)
    at beginWork$1 (http://localhost:5174/node_modules/.vite/deps/chunk-373CG7ZK.js?v=ce08f19f:19763:15)
    at performUnitOfWork (http://localhost:5174/node_modules/.vite/deps/chunk-373CG7ZK.js?v=ce08f19f:19196:20)
    at workLoopSync (http://localhost:5174/node_modules/.vite/deps/chunk-373CG7ZK.js?v=ce08f19f:19135:13)
[     164ms] ReferenceError: StudyDashboard is not defined
    at App (http://localhost:5174/src/App.tsx:18:75)
    at renderWithHooks (http://localhost:5174/node_modules/.vite/deps/chunk-373CG7ZK.js?v=ce08f19f:11546:26)
    at mountIndeterminateComponent (http://localhost:5174/node_modules/.vite/deps/chunk-373CG7ZK.js?v=ce08f19f:14924:21)
    at beginWork (http://localhost:5174/node_modules/.vite/deps/chunk-373CG7ZK.js?v=ce08f19f:15912:22)
    at HTMLUnknownElement.callCallback2 (http://localhost:5174/node_modules/.vite/deps/chunk-373CG7ZK.js?v=ce08f19f:3672:22)
    at Object.invokeGuardedCallbackDev (http://localhost:5174/node_modules/.vite/deps/chunk-373CG7ZK.js?v=ce08f19f:3697:24)
    at invokeGuardedCallback (http://localhost:5174/node_modules/.vite/deps/chunk-373CG7ZK.js?v=ce08f19f:3731:39)
    at beginWork$1 (http://localhost:5174/node_modules/.vite/deps/chunk-373CG7ZK.js?v=ce08f19f:19763:15)
    at performUnitOfWork (http://localhost:5174/node_modules/.vite/deps/chunk-373CG7ZK.js?v=ce08f19f:19196:20)
    at workLoopSync (http://localhost:5174/node_modules/.vite/deps/chunk-373CG7ZK.js?v=ce08f19f:19135:13)
[     155ms] [ERROR] The above error occurred in the <App> component:

    at App (http://localhost:5174/src/App.tsx:18:75)

Consider adding an error boundary to your tree to customize error handling behavior.
Visit https://reactjs.org/link/error-boundaries to learn more about error boundaries. @ http://localhost:5174/node_modules/.vite/deps/chunk-373CG7ZK.js?v=ce08f19f:14029
[     164ms] ReferenceError: StudyDashboard is not defined
    at App (http://localhost:5174/src/App.tsx:18:75)
    at renderWithHooks (http://localhost:5174/node_modules/.vite/deps/chunk-373CG7ZK.js?v=ce08f19f:11546:26)
    at mountIndeterminateComponent (http://localhost:5174/node_modules/.vite/deps/chunk-373CG7ZK.js?v=ce08f19f:14924:21)
    at beginWork (http://localhost:5174/node_modules/.vite/deps/chunk-373CG7ZK.js?v=ce08f19f:15912:22)
    at beginWork$1 (http://localhost:5174/node_modules/.vite/deps/chunk-373CG7ZK.js?v=ce08f19f:19751:22)
    at performUnitOfWork (http://localhost:5174/node_modules/.vite/deps/chunk-373CG7ZK.js?v=ce08f19f:19196:20)
    at workLoopSync (http://localhost:5174/node_modules/.vite/deps/chunk-373CG7ZK.js?v=ce08f19f:19135:13)
    at renderRootSync (http://localhost:5174/node_modules/.vite/deps/chunk-373CG7ZK.js?v=ce08f19f:19114:15)
    at recoverFromConcurrentError (http://localhost:5174/node_modules/.vite/deps/chunk-373CG7ZK.js?v=ce08f19f:18734:28)
    at performConcurrentWorkOnRoot (http://localhost:5174/node_modules/.vite/deps/chunk-373CG7ZK.js?v=ce08f19f:18682:30)
[     163ms] [ERROR] Failed to load resource: the server responded with a status of 404 (Not Found) @ http://localhost:5174/favicon.ico:0
